<?xml version="1.0" encoding="UTF-8"?>
<!-- Generated by org.testng.reporters.JUnitReportReporter -->
<testsuite skipped="0" hostname="DESKTOP-M7BC0FC" name="BasketTest" tests="9" failures="0" timestamp="01 жовт. 2017 20:06:07 GMT" time="0.021" errors="0">
  <testcase name="getAmountOfProductsTest" time="0.001" classname="BasketTest"/>
  <testcase name="findSomeProductsTest" time="0.001" classname="BasketTest"/>
  <testcase name="removeProductTest" time="0.003" classname="BasketTest"/>
  <testcase name="removeProductTest" time="0.003" classname="BasketTest"/>
  <testcase name="getAmountOfProductsTest" time="0.001" classname="BasketTest"/>
  <testcase name="toStringTest" time="0.002" classname="BasketTest"/>
  <testcase name="getAmountOfProductsTest" time="0.002" classname="BasketTest"/>
  <testcase name="toStringTest" time="0.001" classname="BasketTest"/>
  <testcase name="findSomeProductsTest" time="0.007" classname="BasketTest"/>
</testsuite> <!-- BasketTest -->
