<?xml version="1.0" encoding="UTF-8"?>
<!-- Generated by org.testng.reporters.JUnitReportReporter -->
<testsuite skipped="0" hostname="DESKTOP-M7BC0FC" name="Test1234" tests="32" failures="0" timestamp="17 вер. 2017 11:04:33 GMT" time="0.051" errors="0">
  <testcase name="casetest" time="0.000" classname="Test1234"/>
  <testcase name="if_test" time="0.002" classname="Test1234"/>
  <testcase name="boolean_test" time="0.000" classname="Test1234"/>
  <testcase name="negative_integer_task" time="0.000" classname="Test1234"/>
  <testcase name="boolean_test" time="0.000" classname="Test1234"/>
  <testcase name="negative_case_test" time="0.000" classname="Test1234"/>
  <testcase name="negative_case_test" time="0.000" classname="Test1234"/>
  <testcase name="negative_for_test" time="0.000" classname="Test1234"/>
  <testcase name="matrixtest" time="0.000" classname="Test1234"/>
  <testcase name="for_test" time="0.000" classname="Test1234"/>
  <testcase name="if_test" time="0.001" classname="Test1234"/>
  <testcase name="integertest" time="0.000" classname="Test1234"/>
  <testcase name="negative_begin_test" time="0.000" classname="Test1234"/>
  <testcase name="MassTest" time="0.016" classname="Test1234"/>
  <testcase name="arraytest" time="0.000" classname="Test1234"/>
  <testcase name="casetest" time="0.000" classname="Test1234"/>
  <testcase name="negative_begin_test" time="0.016" classname="Test1234"/>
  <testcase name="negative_while_task" time="0.000" classname="Test1234"/>
  <testcase name="negative_for_test" time="0.000" classname="Test1234"/>
  <testcase name="negative_while_task" time="0.000" classname="Test1234"/>
  <testcase name="negative_matrix_test" time="0.000" classname="Test1234"/>
  <testcase name="negative_begin_test" time="0.000" classname="Test1234"/>
  <testcase name="boolean_test" time="0.000" classname="Test1234"/>
  <testcase name="negative_while_task" time="0.000" classname="Test1234"/>
  <testcase name="if_test" time="0.001" classname="Test1234"/>
  <testcase name="negative_for_test" time="0.000" classname="Test1234"/>
  <testcase name="negative_matrix_test" time="0.000" classname="Test1234"/>
  <testcase name="negative_integer_task" time="0.000" classname="Test1234"/>
  <testcase name="negative_integer_task" time="0.000" classname="Test1234"/>
  <testcase name="begintest" time="0.000" classname="Test1234"/>
  <testcase name="negative_case_test" time="0.000" classname="Test1234"/>
  <testcase name="while_task" time="0.015" classname="Test1234"/>
</testsuite> <!-- Test1234 -->
